2024/02/29 06:58:47 [notice] 1#1: using the "epoll" event method
2024/02/29 06:58:47 [notice] 1#1: nginx/1.25.3
2024/02/29 06:58:47 [notice] 1#1: built by gcc 12.2.0 (Debian 12.2.0-14) 
2024/02/29 06:58:47 [notice] 1#1: OS: Linux 6.5.0-21-generic
2024/02/29 06:58:47 [notice] 1#1: getrlimit(RLIMIT_NOFILE): 1048576:1048576
2024/02/29 06:58:47 [notice] 1#1: start worker processes
2024/02/29 06:58:47 [notice] 1#1: start worker process 20
2024/02/29 06:58:47 [notice] 1#1: start worker process 21
2024/02/29 06:58:47 [notice] 1#1: start worker process 22
2024/02/29 06:58:47 [notice] 1#1: start worker process 23
2024/02/29 06:58:47 [notice] 1#1: start worker process 24
2024/02/29 06:58:47 [notice] 1#1: start worker process 25
2024/02/29 06:58:47 [notice] 1#1: start worker process 26
2024/02/29 06:58:47 [notice] 1#1: start worker process 27
2024/02/29 06:58:47 [notice] 1#1: start worker process 28
2024/02/29 06:58:47 [notice] 1#1: start worker process 29
2024/02/29 06:58:47 [notice] 1#1: start worker process 30
2024/02/29 06:58:47 [notice] 1#1: start worker process 31
2024/02/29 06:58:47 [notice] 1#1: start worker process 32
2024/02/29 06:58:47 [notice] 1#1: start worker process 33
2024/02/29 06:58:47 [notice] 1#1: start worker process 34
2024/02/29 06:58:47 [notice] 1#1: start worker process 35
2024/02/29 07:22:23 [notice] 1#1: signal 3 (SIGQUIT) received, shutting down
2024/02/29 07:22:23 [notice] 21#21: gracefully shutting down
2024/02/29 07:22:23 [notice] 20#20: gracefully shutting down
2024/02/29 07:22:23 [notice] 22#22: gracefully shutting down
2024/02/29 07:22:23 [notice] 23#23: gracefully shutting down
2024/02/29 07:22:23 [notice] 25#25: gracefully shutting down
2024/02/29 07:22:23 [notice] 20#20: exiting
2024/02/29 07:22:23 [notice] 26#26: gracefully shutting down
2024/02/29 07:22:23 [notice] 24#24: gracefully shutting down
2024/02/29 07:22:23 [notice] 31#31: gracefully shutting down
2024/02/29 07:22:23 [notice] 28#28: gracefully shutting down
2024/02/29 07:22:23 [notice] 21#21: exiting
2024/02/29 07:22:23 [notice] 22#22: exiting
2024/02/29 07:22:23 [notice] 23#23: exiting
2024/02/29 07:22:23 [notice] 25#25: exiting
2024/02/29 07:22:23 [notice] 26#26: exiting
2024/02/29 07:22:23 [notice] 24#24: exiting
2024/02/29 07:22:23 [notice] 31#31: exiting
2024/02/29 07:22:23 [notice] 28#28: exiting
2024/02/29 07:22:23 [notice] 20#20: exit
2024/02/29 07:22:23 [notice] 21#21: exit
2024/02/29 07:22:23 [notice] 22#22: exit
2024/02/29 07:22:23 [notice] 31#31: exit
2024/02/29 07:22:23 [notice] 26#26: exit
2024/02/29 07:22:23 [notice] 23#23: exit
2024/02/29 07:22:23 [notice] 25#25: exit
2024/02/29 07:22:23 [notice] 28#28: exit
2024/02/29 07:22:23 [notice] 24#24: exit
2024/02/29 07:22:23 [notice] 32#32: gracefully shutting down
2024/02/29 07:22:23 [notice] 29#29: gracefully shutting down
2024/02/29 07:22:23 [notice] 32#32: exiting
2024/02/29 07:22:23 [notice] 29#29: exiting
2024/02/29 07:22:23 [notice] 32#32: exit
2024/02/29 07:22:23 [notice] 29#29: exit
2024/02/29 07:22:23 [notice] 27#27: gracefully shutting down
2024/02/29 07:22:23 [notice] 27#27: exiting
2024/02/29 07:22:23 [notice] 27#27: exit
2024/02/29 07:22:23 [notice] 30#30: gracefully shutting down
2024/02/29 07:22:23 [notice] 30#30: exiting
2024/02/29 07:22:23 [notice] 30#30: exit
2024/02/29 07:22:23 [notice] 33#33: gracefully shutting down
2024/02/29 07:22:23 [notice] 33#33: exiting
2024/02/29 07:22:23 [notice] 34#34: gracefully shutting down
2024/02/29 07:22:23 [notice] 35#35: gracefully shutting down
2024/02/29 07:22:23 [notice] 33#33: exit
2024/02/29 07:22:23 [notice] 34#34: exiting
2024/02/29 07:22:23 [notice] 35#35: exiting
2024/02/29 07:22:23 [notice] 34#34: exit
2024/02/29 07:22:23 [notice] 35#35: exit
2024/02/29 07:22:23 [notice] 1#1: signal 17 (SIGCHLD) received from 30
2024/02/29 07:22:23 [notice] 1#1: worker process 22 exited with code 0
2024/02/29 07:22:23 [notice] 1#1: worker process 25 exited with code 0
2024/02/29 07:22:23 [notice] 1#1: worker process 30 exited with code 0
2024/02/29 07:22:23 [notice] 1#1: worker process 31 exited with code 0
2024/02/29 07:22:23 [notice] 1#1: worker process 35 exited with code 0
2024/02/29 07:22:23 [notice] 1#1: signal 29 (SIGIO) received
2024/02/29 07:22:23 [notice] 1#1: signal 17 (SIGCHLD) received from 25
2024/02/29 07:22:23 [notice] 1#1: signal 17 (SIGCHLD) received from 34
2024/02/29 07:22:23 [notice] 1#1: worker process 34 exited with code 0
2024/02/29 07:22:23 [notice] 1#1: signal 29 (SIGIO) received
2024/02/29 07:22:23 [notice] 1#1: signal 17 (SIGCHLD) received from 21
2024/02/29 07:22:23 [notice] 1#1: worker process 20 exited with code 0
2024/02/29 07:22:23 [notice] 1#1: worker process 21 exited with code 0
2024/02/29 07:22:23 [notice] 1#1: worker process 23 exited with code 0
2024/02/29 07:22:23 [notice] 1#1: worker process 24 exited with code 0
2024/02/29 07:22:23 [notice] 1#1: worker process 26 exited with code 0
2024/02/29 07:22:23 [notice] 1#1: worker process 27 exited with code 0
2024/02/29 07:22:23 [notice] 1#1: signal 29 (SIGIO) received
2024/02/29 07:22:23 [notice] 1#1: signal 17 (SIGCHLD) received from 29
2024/02/29 07:22:23 [notice] 1#1: worker process 29 exited with code 0
2024/02/29 07:22:23 [notice] 1#1: signal 29 (SIGIO) received
2024/02/29 07:22:23 [notice] 1#1: signal 17 (SIGCHLD) received from 28
2024/02/29 07:22:23 [notice] 1#1: worker process 28 exited with code 0
2024/02/29 07:22:23 [notice] 1#1: signal 29 (SIGIO) received
2024/02/29 07:22:23 [notice] 1#1: signal 17 (SIGCHLD) received from 33
2024/02/29 07:22:23 [notice] 1#1: worker process 33 exited with code 0
2024/02/29 07:22:23 [notice] 1#1: signal 17 (SIGCHLD) received from 32
2024/02/29 07:22:23 [notice] 1#1: worker process 32 exited with code 0
2024/02/29 07:22:23 [notice] 1#1: exit
2024/03/01 03:59:33 [notice] 1#1: using the "epoll" event method
2024/03/01 03:59:33 [notice] 1#1: nginx/1.25.3
2024/03/01 03:59:33 [notice] 1#1: built by gcc 12.2.0 (Debian 12.2.0-14) 
2024/03/01 03:59:33 [notice] 1#1: OS: Linux 6.5.0-21-generic
2024/03/01 03:59:33 [notice] 1#1: getrlimit(RLIMIT_NOFILE): 1048576:1048576
2024/03/01 03:59:33 [notice] 1#1: start worker processes
2024/03/01 03:59:33 [notice] 1#1: start worker process 20
2024/03/01 03:59:33 [notice] 1#1: start worker process 21
2024/03/01 03:59:33 [notice] 1#1: start worker process 22
2024/03/01 03:59:33 [notice] 1#1: start worker process 23
2024/03/01 03:59:33 [notice] 1#1: start worker process 24
2024/03/01 03:59:33 [notice] 1#1: start worker process 25
2024/03/01 03:59:33 [notice] 1#1: start worker process 26
2024/03/01 03:59:33 [notice] 1#1: start worker process 27
2024/03/01 03:59:33 [notice] 1#1: start worker process 28
2024/03/01 03:59:33 [notice] 1#1: start worker process 29
2024/03/01 03:59:33 [notice] 1#1: start worker process 30
2024/03/01 03:59:33 [notice] 1#1: start worker process 31
2024/03/01 03:59:33 [notice] 1#1: start worker process 32
2024/03/01 03:59:33 [notice] 1#1: start worker process 33
2024/03/01 03:59:33 [notice] 1#1: start worker process 34
2024/03/01 03:59:33 [notice] 1#1: start worker process 35
2024/03/01 05:48:01 [notice] 1#1: signal 3 (SIGQUIT) received, shutting down
2024/03/01 05:48:01 [notice] 21#21: gracefully shutting down
2024/03/01 05:48:01 [notice] 24#24: gracefully shutting down
2024/03/01 05:48:01 [notice] 23#23: gracefully shutting down
2024/03/01 05:48:01 [notice] 21#21: exiting
2024/03/01 05:48:01 [notice] 24#24: exiting
2024/03/01 05:48:01 [notice] 25#25: gracefully shutting down
2024/03/01 05:48:01 [notice] 23#23: exiting
2024/03/01 05:48:01 [notice] 28#28: gracefully shutting down
2024/03/01 05:48:01 [notice] 25#25: exiting
2024/03/01 05:48:01 [notice] 20#20: gracefully shutting down
2024/03/01 05:48:01 [notice] 31#31: gracefully shutting down
2024/03/01 05:48:01 [notice] 24#24: exit
2024/03/01 05:48:01 [notice] 21#21: exit
2024/03/01 05:48:01 [notice] 23#23: exit
2024/03/01 05:48:01 [notice] 22#22: gracefully shutting down
2024/03/01 05:48:01 [notice] 28#28: exiting
2024/03/01 05:48:01 [notice] 20#20: exiting
2024/03/01 05:48:01 [notice] 31#31: exiting
2024/03/01 05:48:01 [notice] 22#22: exiting
2024/03/01 05:48:01 [notice] 25#25: exit
2024/03/01 05:48:01 [notice] 28#28: exit
2024/03/01 05:48:01 [notice] 22#22: exit
2024/03/01 05:48:01 [notice] 20#20: exit
2024/03/01 05:48:01 [notice] 31#31: exit
2024/03/01 05:48:01 [notice] 26#26: gracefully shutting down
2024/03/01 05:48:01 [notice] 26#26: exiting
2024/03/01 05:48:01 [notice] 26#26: exit
2024/03/01 05:48:01 [notice] 27#27: gracefully shutting down
2024/03/01 05:48:01 [notice] 27#27: exiting
2024/03/01 05:48:01 [notice] 27#27: exit
2024/03/01 05:48:01 [notice] 29#29: gracefully shutting down
2024/03/01 05:48:01 [notice] 29#29: exiting
2024/03/01 05:48:01 [notice] 29#29: exit
2024/03/01 05:48:01 [notice] 30#30: gracefully shutting down
2024/03/01 05:48:01 [notice] 33#33: gracefully shutting down
2024/03/01 05:48:01 [notice] 35#35: gracefully shutting down
2024/03/01 05:48:01 [notice] 34#34: gracefully shutting down
2024/03/01 05:48:01 [notice] 30#30: exiting
2024/03/01 05:48:01 [notice] 33#33: exiting
2024/03/01 05:48:01 [notice] 35#35: exiting
2024/03/01 05:48:01 [notice] 34#34: exiting
2024/03/01 05:48:01 [notice] 30#30: exit
2024/03/01 05:48:01 [notice] 34#34: exit
2024/03/01 05:48:01 [notice] 35#35: exit
2024/03/01 05:48:01 [notice] 33#33: exit
2024/03/01 05:48:01 [notice] 32#32: gracefully shutting down
2024/03/01 05:48:01 [notice] 32#32: exiting
2024/03/01 05:48:01 [notice] 32#32: exit
2024/03/01 05:48:01 [notice] 1#1: signal 17 (SIGCHLD) received from 34
2024/03/01 05:48:01 [notice] 1#1: worker process 25 exited with code 0
2024/03/01 05:48:01 [notice] 1#1: worker process 34 exited with code 0
2024/03/01 05:48:01 [notice] 1#1: signal 29 (SIGIO) received
2024/03/01 05:48:01 [notice] 1#1: signal 17 (SIGCHLD) received from 31
2024/03/01 05:48:01 [notice] 1#1: worker process 31 exited with code 0
2024/03/01 05:48:02 [notice] 1#1: signal 29 (SIGIO) received
2024/03/01 05:48:02 [notice] 1#1: signal 17 (SIGCHLD) received from 23
2024/03/01 05:48:02 [notice] 1#1: worker process 21 exited with code 0
2024/03/01 05:48:02 [notice] 1#1: worker process 23 exited with code 0
2024/03/01 05:48:02 [notice] 1#1: worker process 28 exited with code 0
2024/03/01 05:48:02 [notice] 1#1: signal 29 (SIGIO) received
2024/03/01 05:48:02 [notice] 1#1: signal 17 (SIGCHLD) received from 22
2024/03/01 05:48:02 [notice] 1#1: worker process 20 exited with code 0
2024/03/01 05:48:02 [notice] 1#1: worker process 22 exited with code 0
2024/03/01 05:48:02 [notice] 1#1: worker process 26 exited with code 0
2024/03/01 05:48:02 [notice] 1#1: worker process 27 exited with code 0
2024/03/01 05:48:02 [notice] 1#1: worker process 30 exited with code 0
2024/03/01 05:48:02 [notice] 1#1: worker process 32 exited with code 0
2024/03/01 05:48:02 [notice] 1#1: worker process 35 exited with code 0
2024/03/01 05:48:02 [notice] 1#1: signal 29 (SIGIO) received
2024/03/01 05:48:02 [notice] 1#1: signal 17 (SIGCHLD) received from 35
2024/03/01 05:48:02 [notice] 1#1: signal 17 (SIGCHLD) received from 29
2024/03/01 05:48:02 [notice] 1#1: worker process 29 exited with code 0
2024/03/01 05:48:02 [notice] 1#1: signal 29 (SIGIO) received
2024/03/01 05:48:02 [notice] 1#1: signal 17 (SIGCHLD) received from 33
2024/03/01 05:48:02 [notice] 1#1: worker process 33 exited with code 0
2024/03/01 05:48:02 [notice] 1#1: signal 29 (SIGIO) received
2024/03/01 05:48:02 [notice] 1#1: signal 17 (SIGCHLD) received from 24
2024/03/01 05:48:02 [notice] 1#1: worker process 24 exited with code 0
2024/03/01 05:48:02 [notice] 1#1: exit
2024/03/01 06:41:45 [notice] 1#1: using the "epoll" event method
2024/03/01 06:41:45 [notice] 1#1: nginx/1.25.3
2024/03/01 06:41:45 [notice] 1#1: built by gcc 12.2.0 (Debian 12.2.0-14) 
2024/03/01 06:41:45 [notice] 1#1: OS: Linux 6.5.0-21-generic
2024/03/01 06:41:45 [notice] 1#1: getrlimit(RLIMIT_NOFILE): 1048576:1048576
2024/03/01 06:41:45 [notice] 1#1: start worker processes
2024/03/01 06:41:45 [notice] 1#1: start worker process 20
2024/03/01 06:41:45 [notice] 1#1: start worker process 21
2024/03/01 06:41:45 [notice] 1#1: start worker process 22
2024/03/01 06:41:45 [notice] 1#1: start worker process 23
2024/03/01 06:41:45 [notice] 1#1: start worker process 24
2024/03/01 06:41:45 [notice] 1#1: start worker process 25
2024/03/01 06:41:45 [notice] 1#1: start worker process 26
2024/03/01 06:41:45 [notice] 1#1: start worker process 27
2024/03/01 06:41:45 [notice] 1#1: start worker process 28
2024/03/01 06:41:45 [notice] 1#1: start worker process 29
2024/03/01 06:41:45 [notice] 1#1: start worker process 30
2024/03/01 06:41:45 [notice] 1#1: start worker process 31
2024/03/01 06:41:45 [notice] 1#1: start worker process 32
2024/03/01 06:41:45 [notice] 1#1: start worker process 33
2024/03/01 06:41:45 [notice] 1#1: start worker process 34
2024/03/01 06:41:45 [notice] 1#1: start worker process 35
2024/03/01 08:52:26 [notice] 1#1: signal 3 (SIGQUIT) received, shutting down
2024/03/01 08:52:26 [notice] 23#23: gracefully shutting down
2024/03/01 08:52:26 [notice] 23#23: exiting
2024/03/01 08:52:26 [notice] 28#28: gracefully shutting down
2024/03/01 08:52:26 [notice] 20#20: gracefully shutting down
2024/03/01 08:52:26 [notice] 28#28: exiting
2024/03/01 08:52:26 [notice] 20#20: exiting
2024/03/01 08:52:26 [notice] 23#23: exit
2024/03/01 08:52:26 [notice] 20#20: exit
2024/03/01 08:52:26 [notice] 28#28: exit
2024/03/01 08:52:26 [notice] 22#22: gracefully shutting down
2024/03/01 08:52:26 [notice] 22#22: exiting
2024/03/01 08:52:26 [notice] 22#22: exit
2024/03/01 08:52:26 [notice] 31#31: gracefully shutting down
2024/03/01 08:52:26 [notice] 26#26: gracefully shutting down
2024/03/01 08:52:26 [notice] 31#31: exiting
2024/03/01 08:52:26 [notice] 26#26: exiting
2024/03/01 08:52:26 [notice] 27#27: gracefully shutting down
2024/03/01 08:52:26 [notice] 27#27: exiting
2024/03/01 08:52:26 [notice] 26#26: exit
2024/03/01 08:52:26 [notice] 31#31: exit
2024/03/01 08:52:26 [notice] 27#27: exit
2024/03/01 08:52:26 [notice] 30#30: gracefully shutting down
2024/03/01 08:52:26 [notice] 21#21: gracefully shutting down
2024/03/01 08:52:26 [notice] 30#30: exiting
2024/03/01 08:52:26 [notice] 21#21: exiting
2024/03/01 08:52:26 [notice] 24#24: gracefully shutting down
2024/03/01 08:52:26 [notice] 30#30: exit
2024/03/01 08:52:26 [notice] 21#21: exit
2024/03/01 08:52:26 [notice] 24#24: exiting
2024/03/01 08:52:26 [notice] 24#24: exit
2024/03/01 08:52:26 [notice] 32#32: gracefully shutting down
2024/03/01 08:52:26 [notice] 32#32: exiting
2024/03/01 08:52:26 [notice] 25#25: gracefully shutting down
2024/03/01 08:52:26 [notice] 25#25: exiting
2024/03/01 08:52:26 [notice] 32#32: exit
2024/03/01 08:52:26 [notice] 25#25: exit
2024/03/01 08:52:26 [notice] 33#33: gracefully shutting down
2024/03/01 08:52:26 [notice] 33#33: exiting
2024/03/01 08:52:26 [notice] 33#33: exit
2024/03/01 08:52:26 [notice] 35#35: gracefully shutting down
2024/03/01 08:52:26 [notice] 35#35: exiting
2024/03/01 08:52:26 [notice] 35#35: exit
2024/03/01 08:52:26 [notice] 29#29: gracefully shutting down
2024/03/01 08:52:26 [notice] 29#29: exiting
2024/03/01 08:52:26 [notice] 29#29: exit
2024/03/01 08:52:26 [notice] 34#34: gracefully shutting down
2024/03/01 08:52:26 [notice] 34#34: exiting
2024/03/01 08:52:26 [notice] 34#34: exit
2024/03/01 08:52:26 [notice] 1#1: signal 17 (SIGCHLD) received from 31
2024/03/01 08:52:26 [notice] 1#1: worker process 31 exited with code 0
2024/03/01 08:52:26 [notice] 1#1: signal 29 (SIGIO) received
2024/03/01 08:52:26 [notice] 1#1: signal 17 (SIGCHLD) received from 25
2024/03/01 08:52:26 [notice] 1#1: worker process 25 exited with code 0
2024/03/01 08:52:26 [notice] 1#1: worker process 30 exited with code 0
2024/03/01 08:52:26 [notice] 1#1: signal 29 (SIGIO) received
2024/03/01 08:52:26 [notice] 1#1: signal 17 (SIGCHLD) received from 30
2024/03/01 08:52:26 [notice] 1#1: signal 17 (SIGCHLD) received from 27
2024/03/01 08:52:26 [notice] 1#1: worker process 27 exited with code 0
2024/03/01 08:52:26 [notice] 1#1: signal 29 (SIGIO) received
2024/03/01 08:52:26 [notice] 1#1: signal 17 (SIGCHLD) received from 24
2024/03/01 08:52:26 [notice] 1#1: worker process 24 exited with code 0
2024/03/01 08:52:26 [notice] 1#1: signal 29 (SIGIO) received
2024/03/01 08:52:26 [notice] 1#1: signal 17 (SIGCHLD) received from 28
2024/03/01 08:52:26 [notice] 1#1: worker process 20 exited with code 0
2024/03/01 08:52:26 [notice] 1#1: worker process 28 exited with code 0
2024/03/01 08:52:26 [notice] 1#1: signal 29 (SIGIO) received
2024/03/01 08:52:26 [notice] 1#1: signal 17 (SIGCHLD) received from 20
2024/03/01 08:52:26 [notice] 1#1: signal 17 (SIGCHLD) received from 34
2024/03/01 08:52:26 [notice] 1#1: worker process 34 exited with code 0
2024/03/01 08:52:26 [notice] 1#1: signal 29 (SIGIO) received
2024/03/01 08:52:26 [notice] 1#1: signal 17 (SIGCHLD) received from 22
2024/03/01 08:52:26 [notice] 1#1: worker process 21 exited with code 0
2024/03/01 08:52:26 [notice] 1#1: worker process 22 exited with code 0
2024/03/01 08:52:26 [notice] 1#1: signal 29 (SIGIO) received
2024/03/01 08:52:26 [notice] 1#1: signal 17 (SIGCHLD) received from 23
2024/03/01 08:52:26 [notice] 1#1: worker process 23 exited with code 0
2024/03/01 08:52:26 [notice] 1#1: worker process 29 exited with code 0
2024/03/01 08:52:26 [notice] 1#1: worker process 32 exited with code 0
2024/03/01 08:52:26 [notice] 1#1: signal 29 (SIGIO) received
2024/03/01 08:52:26 [notice] 1#1: signal 17 (SIGCHLD) received from 32
2024/03/01 08:52:26 [notice] 1#1: signal 17 (SIGCHLD) received from 35
2024/03/01 08:52:26 [notice] 1#1: worker process 35 exited with code 0
2024/03/01 08:52:26 [notice] 1#1: worker process 26 exited with code 0
2024/03/01 08:52:26 [notice] 1#1: signal 29 (SIGIO) received
2024/03/01 08:52:26 [notice] 1#1: signal 17 (SIGCHLD) received from 26
2024/03/01 08:52:26 [notice] 1#1: signal 17 (SIGCHLD) received from 33
2024/03/01 08:52:26 [notice] 1#1: worker process 33 exited with code 0
2024/03/01 08:52:26 [notice] 1#1: exit
2024/03/01 13:19:59 [notice] 1#1: using the "epoll" event method
2024/03/01 13:19:59 [notice] 1#1: nginx/1.25.3
2024/03/01 13:19:59 [notice] 1#1: built by gcc 12.2.0 (Debian 12.2.0-14) 
2024/03/01 13:19:59 [notice] 1#1: OS: Linux 6.5.0-21-generic
2024/03/01 13:19:59 [notice] 1#1: getrlimit(RLIMIT_NOFILE): 1048576:1048576
2024/03/01 13:19:59 [notice] 1#1: start worker processes
2024/03/01 13:19:59 [notice] 1#1: start worker process 20
2024/03/01 13:19:59 [notice] 1#1: start worker process 21
2024/03/01 13:19:59 [notice] 1#1: start worker process 22
2024/03/01 13:19:59 [notice] 1#1: start worker process 23
2024/03/01 13:19:59 [notice] 1#1: start worker process 24
2024/03/01 13:19:59 [notice] 1#1: start worker process 25
2024/03/01 13:19:59 [notice] 1#1: start worker process 26
2024/03/01 13:19:59 [notice] 1#1: start worker process 27
2024/03/01 13:19:59 [notice] 1#1: start worker process 28
2024/03/01 13:19:59 [notice] 1#1: start worker process 29
2024/03/01 13:19:59 [notice] 1#1: start worker process 30
2024/03/01 13:19:59 [notice] 1#1: start worker process 31
2024/03/01 13:19:59 [notice] 1#1: start worker process 32
2024/03/01 13:19:59 [notice] 1#1: start worker process 33
2024/03/01 13:19:59 [notice] 1#1: start worker process 34
2024/03/01 13:19:59 [notice] 1#1: start worker process 35
2024/03/01 14:19:16 [notice] 1#1: signal 3 (SIGQUIT) received, shutting down
2024/03/01 14:19:16 [notice] 20#20: gracefully shutting down
2024/03/01 14:19:16 [notice] 21#21: gracefully shutting down
2024/03/01 14:19:16 [notice] 23#23: gracefully shutting down
2024/03/01 14:19:16 [notice] 24#24: gracefully shutting down
2024/03/01 14:19:16 [notice] 26#26: gracefully shutting down
2024/03/01 14:19:16 [notice] 25#25: gracefully shutting down
2024/03/01 14:19:16 [notice] 22#22: gracefully shutting down
2024/03/01 14:19:16 [notice] 34#34: gracefully shutting down
2024/03/01 14:19:16 [notice] 20#20: exiting
2024/03/01 14:19:16 [notice] 21#21: exiting
2024/03/01 14:19:16 [notice] 23#23: exiting
2024/03/01 14:19:16 [notice] 24#24: exiting
2024/03/01 14:19:16 [notice] 26#26: exiting
2024/03/01 14:19:16 [notice] 25#25: exiting
2024/03/01 14:19:16 [notice] 22#22: exiting
2024/03/01 14:19:16 [notice] 34#34: exiting
2024/03/01 14:19:16 [notice] 21#21: exit
2024/03/01 14:19:16 [notice] 26#26: exit
2024/03/01 14:19:16 [notice] 24#24: exit
2024/03/01 14:19:16 [notice] 23#23: exit
2024/03/01 14:19:16 [notice] 22#22: exit
2024/03/01 14:19:16 [notice] 20#20: exit
2024/03/01 14:19:16 [notice] 25#25: exit
2024/03/01 14:19:16 [notice] 34#34: exit
2024/03/01 14:19:16 [notice] 27#27: gracefully shutting down
2024/03/01 14:19:16 [notice] 27#27: exiting
2024/03/01 14:19:16 [notice] 27#27: exit
2024/03/01 14:19:16 [notice] 28#28: gracefully shutting down
2024/03/01 14:19:16 [notice] 28#28: exiting
2024/03/01 14:19:16 [notice] 29#29: gracefully shutting down
2024/03/01 14:19:16 [notice] 29#29: exiting
2024/03/01 14:19:16 [notice] 28#28: exit
2024/03/01 14:19:16 [notice] 30#30: gracefully shutting down
2024/03/01 14:19:16 [notice] 29#29: exit
2024/03/01 14:19:16 [notice] 30#30: exiting
2024/03/01 14:19:16 [notice] 33#33: gracefully shutting down
2024/03/01 14:19:16 [notice] 31#31: gracefully shutting down
2024/03/01 14:19:16 [notice] 30#30: exit
2024/03/01 14:19:16 [notice] 33#33: exiting
2024/03/01 14:19:16 [notice] 31#31: exiting
2024/03/01 14:19:16 [notice] 35#35: gracefully shutting down
2024/03/01 14:19:16 [notice] 35#35: exiting
2024/03/01 14:19:16 [notice] 31#31: exit
2024/03/01 14:19:16 [notice] 33#33: exit
2024/03/01 14:19:16 [notice] 35#35: exit
2024/03/01 14:19:16 [notice] 32#32: gracefully shutting down
2024/03/01 14:19:16 [notice] 32#32: exiting
2024/03/01 14:19:16 [notice] 32#32: exit
2024/03/01 14:19:16 [notice] 1#1: signal 17 (SIGCHLD) received from 35
2024/03/01 14:19:16 [notice] 1#1: worker process 24 exited with code 0
2024/03/01 14:19:16 [notice] 1#1: worker process 29 exited with code 0
2024/03/01 14:19:16 [notice] 1#1: worker process 35 exited with code 0
2024/03/01 14:19:16 [notice] 1#1: signal 29 (SIGIO) received
2024/03/01 14:19:16 [notice] 1#1: signal 17 (SIGCHLD) received from 29
2024/03/01 14:19:16 [notice] 1#1: signal 17 (SIGCHLD) received from 33
2024/03/01 14:19:16 [notice] 1#1: worker process 20 exited with code 0
2024/03/01 14:19:16 [notice] 1#1: worker process 23 exited with code 0
2024/03/01 14:19:16 [notice] 1#1: worker process 26 exited with code 0
2024/03/01 14:19:16 [notice] 1#1: worker process 33 exited with code 0
2024/03/01 14:19:16 [notice] 1#1: signal 29 (SIGIO) received
2024/03/01 14:19:16 [notice] 1#1: signal 17 (SIGCHLD) received from 31
2024/03/01 14:19:16 [notice] 1#1: worker process 31 exited with code 0
2024/03/01 14:19:16 [notice] 1#1: worker process 21 exited with code 0
2024/03/01 14:19:16 [notice] 1#1: worker process 27 exited with code 0
2024/03/01 14:19:16 [notice] 1#1: worker process 32 exited with code 0
2024/03/01 14:19:16 [notice] 1#1: worker process 34 exited with code 0
2024/03/01 14:19:16 [notice] 1#1: signal 29 (SIGIO) received
2024/03/01 14:19:16 [notice] 1#1: signal 17 (SIGCHLD) received from 32
2024/03/01 14:19:16 [notice] 1#1: signal 17 (SIGCHLD) received from 25
2024/03/01 14:19:16 [notice] 1#1: worker process 25 exited with code 0
2024/03/01 14:19:16 [notice] 1#1: worker process 28 exited with code 0
2024/03/01 14:19:16 [notice] 1#1: worker process 30 exited with code 0
2024/03/01 14:19:16 [notice] 1#1: signal 29 (SIGIO) received
2024/03/01 14:19:16 [notice] 1#1: signal 17 (SIGCHLD) received from 28
2024/03/01 14:19:16 [notice] 1#1: signal 17 (SIGCHLD) received from 22
2024/03/01 14:19:16 [notice] 1#1: worker process 22 exited with code 0
2024/03/01 14:19:16 [notice] 1#1: exit
2024/03/02 05:25:40 [notice] 1#1: using the "epoll" event method
2024/03/02 05:25:40 [notice] 1#1: nginx/1.25.3
2024/03/02 05:25:40 [notice] 1#1: built by gcc 12.2.0 (Debian 12.2.0-14) 
2024/03/02 05:25:40 [notice] 1#1: OS: Linux 6.5.0-21-generic
2024/03/02 05:25:40 [notice] 1#1: getrlimit(RLIMIT_NOFILE): 1048576:1048576
2024/03/02 05:25:40 [notice] 1#1: start worker processes
2024/03/02 05:25:40 [notice] 1#1: start worker process 20
2024/03/02 05:25:40 [notice] 1#1: start worker process 21
2024/03/02 05:25:40 [notice] 1#1: start worker process 22
2024/03/02 05:25:40 [notice] 1#1: start worker process 23
2024/03/02 05:25:40 [notice] 1#1: start worker process 24
2024/03/02 05:25:40 [notice] 1#1: start worker process 25
2024/03/02 05:25:40 [notice] 1#1: start worker process 26
2024/03/02 05:25:40 [notice] 1#1: start worker process 27
2024/03/02 05:25:40 [notice] 1#1: start worker process 28
2024/03/02 05:25:40 [notice] 1#1: start worker process 29
2024/03/02 05:25:40 [notice] 1#1: start worker process 30
2024/03/02 05:25:40 [notice] 1#1: start worker process 31
2024/03/02 05:25:40 [notice] 1#1: start worker process 32
2024/03/02 05:25:40 [notice] 1#1: start worker process 33
2024/03/02 05:25:40 [notice] 1#1: start worker process 34
2024/03/02 05:25:40 [notice] 1#1: start worker process 35
2024/03/02 07:20:28 [notice] 1#1: signal 3 (SIGQUIT) received, shutting down
2024/03/02 07:20:28 [notice] 23#23: gracefully shutting down
2024/03/02 07:20:28 [notice] 22#22: gracefully shutting down
2024/03/02 07:20:28 [notice] 32#32: gracefully shutting down
2024/03/02 07:20:28 [notice] 31#31: gracefully shutting down
2024/03/02 07:20:28 [notice] 20#20: gracefully shutting down
2024/03/02 07:20:28 [notice] 27#27: gracefully shutting down
2024/03/02 07:20:28 [notice] 30#30: gracefully shutting down
2024/03/02 07:20:28 [notice] 22#22: exiting
2024/03/02 07:20:28 [notice] 23#23: exiting
2024/03/02 07:20:28 [notice] 32#32: exiting
2024/03/02 07:20:28 [notice] 31#31: exiting
2024/03/02 07:20:28 [notice] 20#20: exiting
2024/03/02 07:20:28 [notice] 27#27: exiting
2024/03/02 07:20:28 [notice] 30#30: exiting
2024/03/02 07:20:28 [notice] 33#33: gracefully shutting down
2024/03/02 07:20:28 [notice] 31#31: exit
2024/03/02 07:20:28 [notice] 22#22: exit
2024/03/02 07:20:28 [notice] 23#23: exit
2024/03/02 07:20:28 [notice] 32#32: exit
2024/03/02 07:20:28 [notice] 27#27: exit
2024/03/02 07:20:28 [notice] 20#20: exit
2024/03/02 07:20:28 [notice] 30#30: exit
2024/03/02 07:20:28 [notice] 33#33: exiting
2024/03/02 07:20:28 [notice] 33#33: exit
2024/03/02 07:20:28 [notice] 35#35: gracefully shutting down
2024/03/02 07:20:28 [notice] 35#35: exiting
2024/03/02 07:20:28 [notice] 35#35: exit
2024/03/02 07:20:28 [notice] 28#28: gracefully shutting down
2024/03/02 07:20:28 [notice] 28#28: exiting
2024/03/02 07:20:28 [notice] 21#21: gracefully shutting down
2024/03/02 07:20:28 [notice] 28#28: exit
2024/03/02 07:20:28 [notice] 21#21: exiting
2024/03/02 07:20:28 [notice] 21#21: exit
2024/03/02 07:20:28 [notice] 24#24: gracefully shutting down
2024/03/02 07:20:28 [notice] 24#24: exiting
2024/03/02 07:20:28 [notice] 24#24: exit
2024/03/02 07:20:28 [notice] 26#26: gracefully shutting down
2024/03/02 07:20:28 [notice] 26#26: exiting
2024/03/02 07:20:28 [notice] 26#26: exit
2024/03/02 07:20:28 [notice] 25#25: gracefully shutting down
2024/03/02 07:20:28 [notice] 25#25: exiting
2024/03/02 07:20:28 [notice] 25#25: exit
2024/03/02 07:20:28 [notice] 29#29: gracefully shutting down
2024/03/02 07:20:28 [notice] 34#34: gracefully shutting down
2024/03/02 07:20:28 [notice] 29#29: exiting
2024/03/02 07:20:28 [notice] 34#34: exiting
2024/03/02 07:20:28 [notice] 29#29: exit
2024/03/02 07:20:28 [notice] 34#34: exit
2024/03/02 07:20:28 [notice] 1#1: signal 17 (SIGCHLD) received from 29
2024/03/02 07:20:28 [notice] 1#1: worker process 28 exited with code 0
2024/03/02 07:20:28 [notice] 1#1: worker process 29 exited with code 0
2024/03/02 07:20:28 [notice] 1#1: worker process 31 exited with code 0
2024/03/02 07:20:28 [notice] 1#1: signal 29 (SIGIO) received
2024/03/02 07:20:28 [notice] 1#1: signal 17 (SIGCHLD) received from 31
2024/03/02 07:20:28 [notice] 1#1: signal 17 (SIGCHLD) received from 33
2024/03/02 07:20:28 [notice] 1#1: worker process 33 exited with code 0
2024/03/02 07:20:28 [notice] 1#1: worker process 20 exited with code 0
2024/03/02 07:20:28 [notice] 1#1: worker process 23 exited with code 0
2024/03/02 07:20:28 [notice] 1#1: worker process 26 exited with code 0
2024/03/02 07:20:28 [notice] 1#1: worker process 22 exited with code 0
2024/03/02 07:20:28 [notice] 1#1: worker process 27 exited with code 0
2024/03/02 07:20:28 [notice] 1#1: worker process 30 exited with code 0
2024/03/02 07:20:28 [notice] 1#1: worker process 32 exited with code 0
2024/03/02 07:20:28 [notice] 1#1: worker process 35 exited with code 0
2024/03/02 07:20:28 [notice] 1#1: signal 29 (SIGIO) received
2024/03/02 07:20:28 [notice] 1#1: signal 17 (SIGCHLD) received from 20
2024/03/02 07:20:28 [notice] 1#1: signal 17 (SIGCHLD) received from 24
2024/03/02 07:20:28 [notice] 1#1: worker process 24 exited with code 0
2024/03/02 07:20:28 [notice] 1#1: worker process 21 exited with code 0
2024/03/02 07:20:28 [notice] 1#1: signal 29 (SIGIO) received
2024/03/02 07:20:28 [notice] 1#1: signal 17 (SIGCHLD) received from 21
2024/03/02 07:20:28 [notice] 1#1: signal 17 (SIGCHLD) received from 25
2024/03/02 07:20:28 [notice] 1#1: worker process 25 exited with code 0
2024/03/02 07:20:28 [notice] 1#1: worker process 34 exited with code 0
2024/03/02 07:20:28 [notice] 1#1: exit
2024/03/02 09:04:24 [notice] 1#1: using the "epoll" event method
2024/03/02 09:04:24 [notice] 1#1: nginx/1.25.3
2024/03/02 09:04:24 [notice] 1#1: built by gcc 12.2.0 (Debian 12.2.0-14) 
2024/03/02 09:04:24 [notice] 1#1: OS: Linux 6.5.0-21-generic
2024/03/02 09:04:24 [notice] 1#1: getrlimit(RLIMIT_NOFILE): 1048576:1048576
2024/03/02 09:04:24 [notice] 1#1: start worker processes
2024/03/02 09:04:24 [notice] 1#1: start worker process 20
2024/03/02 09:04:24 [notice] 1#1: start worker process 21
2024/03/02 09:04:24 [notice] 1#1: start worker process 22
2024/03/02 09:04:24 [notice] 1#1: start worker process 23
2024/03/02 09:04:24 [notice] 1#1: start worker process 24
2024/03/02 09:04:24 [notice] 1#1: start worker process 25
2024/03/02 09:04:24 [notice] 1#1: start worker process 26
2024/03/02 09:04:24 [notice] 1#1: start worker process 27
2024/03/02 09:04:24 [notice] 1#1: start worker process 28
2024/03/02 09:04:24 [notice] 1#1: start worker process 29
2024/03/02 09:04:24 [notice] 1#1: start worker process 30
2024/03/02 09:04:24 [notice] 1#1: start worker process 31
2024/03/02 09:04:24 [notice] 1#1: start worker process 32
2024/03/02 09:04:24 [notice] 1#1: start worker process 33
2024/03/02 09:04:24 [notice] 1#1: start worker process 34
2024/03/02 09:04:24 [notice] 1#1: start worker process 35
2024/03/02 10:35:18 [notice] 1#1: signal 3 (SIGQUIT) received, shutting down
2024/03/02 10:35:18 [notice] 20#20: gracefully shutting down
2024/03/02 10:35:18 [notice] 20#20: exiting
2024/03/02 10:35:18 [notice] 23#23: gracefully shutting down
2024/03/02 10:35:18 [notice] 22#22: gracefully shutting down
2024/03/02 10:35:18 [notice] 23#23: exiting
2024/03/02 10:35:18 [notice] 21#21: gracefully shutting down
2024/03/02 10:35:18 [notice] 32#32: gracefully shutting down
2024/03/02 10:35:18 [notice] 20#20: exit
2024/03/02 10:35:18 [notice] 24#24: gracefully shutting down
2024/03/02 10:35:18 [notice] 32#32: exiting
2024/03/02 10:35:18 [notice] 27#27: gracefully shutting down
2024/03/02 10:35:18 [notice] 23#23: exit
2024/03/02 10:35:18 [notice] 24#24: exiting
2024/03/02 10:35:18 [notice] 25#25: gracefully shutting down
2024/03/02 10:35:18 [notice] 27#27: exiting
2024/03/02 10:35:18 [notice] 25#25: exiting
2024/03/02 10:35:18 [notice] 32#32: exit
2024/03/02 10:35:18 [notice] 24#24: exit
2024/03/02 10:35:18 [notice] 27#27: exit
2024/03/02 10:35:18 [notice] 25#25: exit
2024/03/02 10:35:18 [notice] 21#21: exiting
2024/03/02 10:35:18 [notice] 33#33: gracefully shutting down
2024/03/02 10:35:18 [notice] 33#33: exiting
2024/03/02 10:35:18 [notice] 21#21: exit
2024/03/02 10:35:18 [notice] 33#33: exit
2024/03/02 10:35:18 [notice] 28#28: gracefully shutting down
2024/03/02 10:35:18 [notice] 22#22: exiting
2024/03/02 10:35:18 [notice] 28#28: exiting
2024/03/02 10:35:18 [notice] 28#28: exit
2024/03/02 10:35:18 [notice] 22#22: exit
2024/03/02 10:35:18 [notice] 29#29: gracefully shutting down
2024/03/02 10:35:18 [notice] 29#29: exiting
2024/03/02 10:35:18 [notice] 31#31: gracefully shutting down
2024/03/02 10:35:18 [notice] 31#31: exiting
2024/03/02 10:35:18 [notice] 29#29: exit
2024/03/02 10:35:18 [notice] 31#31: exit
2024/03/02 10:35:18 [notice] 34#34: gracefully shutting down
2024/03/02 10:35:18 [notice] 34#34: exiting
2024/03/02 10:35:18 [notice] 30#30: gracefully shutting down
2024/03/02 10:35:18 [notice] 34#34: exit
2024/03/02 10:35:18 [notice] 26#26: gracefully shutting down
2024/03/02 10:35:18 [notice] 35#35: gracefully shutting down
2024/03/02 10:35:18 [notice] 26#26: exiting
2024/03/02 10:35:18 [notice] 30#30: exiting
2024/03/02 10:35:18 [notice] 35#35: exiting
2024/03/02 10:35:18 [notice] 26#26: exit
2024/03/02 10:35:18 [notice] 30#30: exit
2024/03/02 10:35:18 [notice] 35#35: exit
2024/03/02 10:35:18 [notice] 1#1: signal 17 (SIGCHLD) received from 23
2024/03/02 10:35:18 [notice] 1#1: worker process 20 exited with code 0
2024/03/02 10:35:18 [notice] 1#1: worker process 23 exited with code 0
2024/03/02 10:35:18 [notice] 1#1: signal 29 (SIGIO) received
2024/03/02 10:35:18 [notice] 1#1: signal 17 (SIGCHLD) received from 21
2024/03/02 10:35:18 [notice] 1#1: worker process 21 exited with code 0
2024/03/02 10:35:18 [notice] 1#1: signal 29 (SIGIO) received
2024/03/02 10:35:18 [notice] 1#1: signal 17 (SIGCHLD) received from 30
2024/03/02 10:35:18 [notice] 1#1: worker process 30 exited with code 0
2024/03/02 10:35:18 [notice] 1#1: signal 29 (SIGIO) received
2024/03/02 10:35:18 [notice] 1#1: signal 17 (SIGCHLD) received from 34
2024/03/02 10:35:18 [notice] 1#1: worker process 34 exited with code 0
2024/03/02 10:35:18 [notice] 1#1: worker process 24 exited with code 0
2024/03/02 10:35:18 [notice] 1#1: worker process 22 exited with code 0
2024/03/02 10:35:18 [notice] 1#1: worker process 26 exited with code 0
2024/03/02 10:35:18 [notice] 1#1: worker process 27 exited with code 0
2024/03/02 10:35:18 [notice] 1#1: worker process 28 exited with code 0
2024/03/02 10:35:18 [notice] 1#1: worker process 31 exited with code 0
2024/03/02 10:35:18 [notice] 1#1: signal 29 (SIGIO) received
2024/03/02 10:35:18 [notice] 1#1: signal 17 (SIGCHLD) received from 26
2024/03/02 10:35:18 [notice] 1#1: signal 17 (SIGCHLD) received from 29
2024/03/02 10:35:18 [notice] 1#1: worker process 29 exited with code 0
2024/03/02 10:35:18 [notice] 1#1: worker process 33 exited with code 0
2024/03/02 10:35:18 [notice] 1#1: worker process 35 exited with code 0
2024/03/02 10:35:18 [notice] 1#1: worker process 25 exited with code 0
2024/03/02 10:35:18 [notice] 1#1: signal 17 (SIGCHLD) received from 25
2024/03/02 10:35:18 [notice] 1#1: worker process 32 exited with code 0
2024/03/02 10:35:18 [notice] 1#1: exit
2024/03/02 15:35:22 [notice] 1#1: using the "epoll" event method
2024/03/02 15:35:22 [notice] 1#1: nginx/1.25.3
2024/03/02 15:35:22 [notice] 1#1: built by gcc 12.2.0 (Debian 12.2.0-14) 
2024/03/02 15:35:22 [notice] 1#1: OS: Linux 6.5.0-21-generic
2024/03/02 15:35:22 [notice] 1#1: getrlimit(RLIMIT_NOFILE): 1048576:1048576
2024/03/02 15:35:22 [notice] 1#1: start worker processes
2024/03/02 15:35:22 [notice] 1#1: start worker process 20
2024/03/02 15:35:22 [notice] 1#1: start worker process 21
2024/03/02 15:35:22 [notice] 1#1: start worker process 22
2024/03/02 15:35:22 [notice] 1#1: start worker process 23
2024/03/02 15:35:22 [notice] 1#1: start worker process 24
2024/03/02 15:35:22 [notice] 1#1: start worker process 25
2024/03/02 15:35:22 [notice] 1#1: start worker process 26
2024/03/02 15:35:22 [notice] 1#1: start worker process 27
2024/03/02 15:35:22 [notice] 1#1: start worker process 28
2024/03/02 15:35:22 [notice] 1#1: start worker process 29
2024/03/02 15:35:22 [notice] 1#1: start worker process 30
2024/03/02 15:35:22 [notice] 1#1: start worker process 31
2024/03/02 15:35:22 [notice] 1#1: start worker process 32
2024/03/02 15:35:22 [notice] 1#1: start worker process 33
2024/03/02 15:35:22 [notice] 1#1: start worker process 34
2024/03/02 15:35:22 [notice] 1#1: start worker process 35
2024/03/02 16:56:17 [notice] 1#1: signal 3 (SIGQUIT) received, shutting down
2024/03/02 16:56:17 [notice] 20#20: gracefully shutting down
2024/03/02 16:56:17 [notice] 21#21: gracefully shutting down
2024/03/02 16:56:17 [notice] 22#22: gracefully shutting down
2024/03/02 16:56:17 [notice] 20#20: exiting
2024/03/02 16:56:17 [notice] 21#21: exiting
2024/03/02 16:56:17 [notice] 22#22: exiting
2024/03/02 16:56:17 [notice] 26#26: gracefully shutting down
2024/03/02 16:56:17 [notice] 20#20: exit
2024/03/02 16:56:17 [notice] 21#21: exit
2024/03/02 16:56:17 [notice] 26#26: exiting
2024/03/02 16:56:17 [notice] 22#22: exit
2024/03/02 16:56:17 [notice] 34#34: gracefully shutting down
2024/03/02 16:56:17 [notice] 26#26: exit
2024/03/02 16:56:17 [notice] 34#34: exiting
2024/03/02 16:56:17 [notice] 32#32: gracefully shutting down
2024/03/02 16:56:17 [notice] 34#34: exit
2024/03/02 16:56:17 [notice] 31#31: gracefully shutting down
2024/03/02 16:56:17 [notice] 25#25: gracefully shutting down
2024/03/02 16:56:17 [notice] 32#32: exiting
2024/03/02 16:56:17 [notice] 31#31: exiting
2024/03/02 16:56:17 [notice] 25#25: exiting
2024/03/02 16:56:17 [notice] 32#32: exit
2024/03/02 16:56:17 [notice] 31#31: exit
2024/03/02 16:56:17 [notice] 25#25: exit
2024/03/02 16:56:17 [notice] 28#28: gracefully shutting down
2024/03/02 16:56:17 [notice] 28#28: exiting
2024/03/02 16:56:17 [notice] 28#28: exit
2024/03/02 16:56:17 [notice] 23#23: gracefully shutting down
2024/03/02 16:56:17 [notice] 24#24: gracefully shutting down
2024/03/02 16:56:17 [notice] 23#23: exiting
2024/03/02 16:56:17 [notice] 24#24: exiting
2024/03/02 16:56:17 [notice] 23#23: exit
2024/03/02 16:56:17 [notice] 24#24: exit
2024/03/02 16:56:17 [notice] 27#27: gracefully shutting down
2024/03/02 16:56:17 [notice] 27#27: exiting
2024/03/02 16:56:17 [notice] 27#27: exit
2024/03/02 16:56:17 [notice] 29#29: gracefully shutting down
2024/03/02 16:56:17 [notice] 30#30: gracefully shutting down
2024/03/02 16:56:17 [notice] 29#29: exiting
2024/03/02 16:56:17 [notice] 30#30: exiting
2024/03/02 16:56:17 [notice] 29#29: exit
2024/03/02 16:56:17 [notice] 30#30: exit
2024/03/02 16:56:17 [notice] 33#33: gracefully shutting down
2024/03/02 16:56:17 [notice] 35#35: gracefully shutting down
2024/03/02 16:56:17 [notice] 33#33: exiting
2024/03/02 16:56:17 [notice] 35#35: exiting
2024/03/02 16:56:17 [notice] 33#33: exit
2024/03/02 16:56:17 [notice] 35#35: exit
2024/03/02 16:56:17 [notice] 1#1: signal 17 (SIGCHLD) received from 30
2024/03/02 16:56:17 [notice] 1#1: worker process 23 exited with code 0
2024/03/02 16:56:17 [notice] 1#1: worker process 30 exited with code 0
2024/03/02 16:56:17 [notice] 1#1: worker process 32 exited with code 0
2024/03/02 16:56:17 [notice] 1#1: worker process 34 exited with code 0
2024/03/02 16:56:17 [notice] 1#1: worker process 35 exited with code 0
2024/03/02 16:56:17 [notice] 1#1: signal 29 (SIGIO) received
2024/03/02 16:56:17 [notice] 1#1: signal 17 (SIGCHLD) received from 24
2024/03/02 16:56:17 [notice] 1#1: worker process 24 exited with code 0
2024/03/02 16:56:17 [notice] 1#1: signal 29 (SIGIO) received
2024/03/02 16:56:17 [notice] 1#1: signal 17 (SIGCHLD) received from 22
2024/03/02 16:56:17 [notice] 1#1: worker process 22 exited with code 0
2024/03/02 16:56:17 [notice] 1#1: worker process 28 exited with code 0
2024/03/02 16:56:17 [notice] 1#1: worker process 20 exited with code 0
2024/03/02 16:56:17 [notice] 1#1: worker process 21 exited with code 0
2024/03/02 16:56:17 [notice] 1#1: worker process 25 exited with code 0
2024/03/02 16:56:17 [notice] 1#1: worker process 27 exited with code 0
2024/03/02 16:56:17 [notice] 1#1: signal 29 (SIGIO) received
2024/03/02 16:56:17 [notice] 1#1: signal 17 (SIGCHLD) received from 28
2024/03/02 16:56:17 [notice] 1#1: signal 17 (SIGCHLD) received from 29
2024/03/02 16:56:17 [notice] 1#1: worker process 29 exited with code 0
2024/03/02 16:56:17 [notice] 1#1: signal 29 (SIGIO) received
2024/03/02 16:56:17 [notice] 1#1: signal 17 (SIGCHLD) received from 33
2024/03/02 16:56:17 [notice] 1#1: worker process 33 exited with code 0
2024/03/02 16:56:17 [notice] 1#1: signal 29 (SIGIO) received
2024/03/02 16:56:17 [notice] 1#1: signal 17 (SIGCHLD) received from 31
2024/03/02 16:56:17 [notice] 1#1: worker process 31 exited with code 0
2024/03/02 16:56:17 [notice] 1#1: signal 17 (SIGCHLD) received from 26
2024/03/02 16:56:17 [notice] 1#1: worker process 26 exited with code 0
2024/03/02 16:56:17 [notice] 1#1: exit
2024/03/03 06:58:21 [notice] 1#1: using the "epoll" event method
2024/03/03 06:58:21 [notice] 1#1: nginx/1.25.3
2024/03/03 06:58:21 [notice] 1#1: built by gcc 12.2.0 (Debian 12.2.0-14) 
2024/03/03 06:58:21 [notice] 1#1: OS: Linux 6.5.0-21-generic
2024/03/03 06:58:21 [notice] 1#1: getrlimit(RLIMIT_NOFILE): 1048576:1048576
2024/03/03 06:58:21 [notice] 1#1: start worker processes
2024/03/03 06:58:21 [notice] 1#1: start worker process 20
2024/03/03 06:58:21 [notice] 1#1: start worker process 21
2024/03/03 06:58:21 [notice] 1#1: start worker process 22
2024/03/03 06:58:21 [notice] 1#1: start worker process 23
2024/03/03 06:58:21 [notice] 1#1: start worker process 24
2024/03/03 06:58:21 [notice] 1#1: start worker process 25
2024/03/03 06:58:21 [notice] 1#1: start worker process 26
2024/03/03 06:58:21 [notice] 1#1: start worker process 27
2024/03/03 06:58:21 [notice] 1#1: start worker process 28
2024/03/03 06:58:21 [notice] 1#1: start worker process 29
2024/03/03 06:58:21 [notice] 1#1: start worker process 30
2024/03/03 06:58:21 [notice] 1#1: start worker process 31
2024/03/03 06:58:21 [notice] 1#1: start worker process 32
2024/03/03 06:58:21 [notice] 1#1: start worker process 33
2024/03/03 06:58:21 [notice] 1#1: start worker process 34
2024/03/03 06:58:21 [notice] 1#1: start worker process 35
2024/03/03 09:15:58 [notice] 1#1: signal 3 (SIGQUIT) received, shutting down
2024/03/03 09:15:58 [notice] 20#20: gracefully shutting down
2024/03/03 09:15:58 [notice] 21#21: gracefully shutting down
2024/03/03 09:15:58 [notice] 22#22: gracefully shutting down
2024/03/03 09:15:58 [notice] 23#23: gracefully shutting down
2024/03/03 09:15:58 [notice] 25#25: gracefully shutting down
2024/03/03 09:15:58 [notice] 24#24: gracefully shutting down
2024/03/03 09:15:58 [notice] 20#20: exiting
2024/03/03 09:15:58 [notice] 21#21: exiting
2024/03/03 09:15:58 [notice] 22#22: exiting
2024/03/03 09:15:58 [notice] 23#23: exiting
2024/03/03 09:15:58 [notice] 25#25: exiting
2024/03/03 09:15:58 [notice] 28#28: gracefully shutting down
2024/03/03 09:15:58 [notice] 24#24: exiting
2024/03/03 09:15:58 [notice] 26#26: gracefully shutting down
2024/03/03 09:15:58 [notice] 28#28: exiting
2024/03/03 09:15:58 [notice] 20#20: exit
2024/03/03 09:15:58 [notice] 22#22: exit
2024/03/03 09:15:58 [notice] 21#21: exit
2024/03/03 09:15:58 [notice] 25#25: exit
2024/03/03 09:15:58 [notice] 23#23: exit
2024/03/03 09:15:58 [notice] 26#26: exiting
2024/03/03 09:15:58 [notice] 24#24: exit
2024/03/03 09:15:58 [notice] 28#28: exit
2024/03/03 09:15:58 [notice] 26#26: exit
2024/03/03 09:15:58 [notice] 27#27: gracefully shutting down
2024/03/03 09:15:58 [notice] 27#27: exiting
2024/03/03 09:15:58 [notice] 27#27: exit
2024/03/03 09:15:58 [notice] 30#30: gracefully shutting down
2024/03/03 09:15:58 [notice] 30#30: exiting
2024/03/03 09:15:58 [notice] 30#30: exit
2024/03/03 09:15:58 [notice] 29#29: gracefully shutting down
2024/03/03 09:15:58 [notice] 29#29: exiting
2024/03/03 09:15:58 [notice] 29#29: exit
2024/03/03 09:15:58 [notice] 31#31: gracefully shutting down
2024/03/03 09:15:58 [notice] 32#32: gracefully shutting down
2024/03/03 09:15:58 [notice] 33#33: gracefully shutting down
2024/03/03 09:15:58 [notice] 34#34: gracefully shutting down
2024/03/03 09:15:58 [notice] 31#31: exiting
2024/03/03 09:15:58 [notice] 32#32: exiting
2024/03/03 09:15:58 [notice] 34#34: exiting
2024/03/03 09:15:58 [notice] 33#33: exiting
2024/03/03 09:15:58 [notice] 32#32: exit
2024/03/03 09:15:58 [notice] 34#34: exit
2024/03/03 09:15:58 [notice] 33#33: exit
2024/03/03 09:15:58 [notice] 35#35: gracefully shutting down
2024/03/03 09:15:58 [notice] 35#35: exiting
2024/03/03 09:15:58 [notice] 31#31: exit
2024/03/03 09:15:58 [notice] 35#35: exit
2024/03/03 09:15:59 [notice] 1#1: signal 17 (SIGCHLD) received from 28
2024/03/03 09:15:59 [notice] 1#1: worker process 28 exited with code 0
2024/03/03 09:15:59 [notice] 1#1: worker process 29 exited with code 0
2024/03/03 09:15:59 [notice] 1#1: signal 29 (SIGIO) received
2024/03/03 09:15:59 [notice] 1#1: signal 17 (SIGCHLD) received from 25
2024/03/03 09:15:59 [notice] 1#1: worker process 25 exited with code 0
2024/03/03 09:15:59 [notice] 1#1: worker process 24 exited with code 0
2024/03/03 09:15:59 [notice] 1#1: worker process 27 exited with code 0
2024/03/03 09:15:59 [notice] 1#1: worker process 35 exited with code 0
2024/03/03 09:15:59 [notice] 1#1: worker process 20 exited with code 0
2024/03/03 09:15:59 [notice] 1#1: worker process 23 exited with code 0
2024/03/03 09:15:59 [notice] 1#1: signal 29 (SIGIO) received
2024/03/03 09:15:59 [notice] 1#1: signal 17 (SIGCHLD) received from 27
2024/03/03 09:15:59 [notice] 1#1: worker process 22 exited with code 0
2024/03/03 09:15:59 [notice] 1#1: signal 29 (SIGIO) received
2024/03/03 09:15:59 [notice] 1#1: signal 17 (SIGCHLD) received from 33
2024/03/03 09:15:59 [notice] 1#1: worker process 33 exited with code 0
2024/03/03 09:15:59 [notice] 1#1: worker process 32 exited with code 0
2024/03/03 09:15:59 [notice] 1#1: signal 29 (SIGIO) received
2024/03/03 09:15:59 [notice] 1#1: signal 17 (SIGCHLD) received from 32
2024/03/03 09:15:59 [notice] 1#1: signal 17 (SIGCHLD) received from 34
2024/03/03 09:15:59 [notice] 1#1: worker process 31 exited with code 0
2024/03/03 09:15:59 [notice] 1#1: worker process 34 exited with code 0
2024/03/03 09:15:59 [notice] 1#1: signal 29 (SIGIO) received
2024/03/03 09:15:59 [notice] 1#1: signal 17 (SIGCHLD) received from 31
2024/03/03 09:15:59 [notice] 1#1: signal 17 (SIGCHLD) received from 21
2024/03/03 09:15:59 [notice] 1#1: worker process 21 exited with code 0
2024/03/03 09:15:59 [notice] 1#1: worker process 26 exited with code 0
2024/03/03 09:15:59 [notice] 1#1: signal 29 (SIGIO) received
2024/03/03 09:15:59 [notice] 1#1: signal 17 (SIGCHLD) received from 30
2024/03/03 09:15:59 [notice] 1#1: worker process 30 exited with code 0
2024/03/03 09:15:59 [notice] 1#1: exit
2024/03/04 04:12:38 [notice] 1#1: using the "epoll" event method
2024/03/04 04:12:38 [notice] 1#1: nginx/1.25.3
2024/03/04 04:12:38 [notice] 1#1: built by gcc 12.2.0 (Debian 12.2.0-14) 
2024/03/04 04:12:38 [notice] 1#1: OS: Linux 6.5.0-21-generic
2024/03/04 04:12:38 [notice] 1#1: getrlimit(RLIMIT_NOFILE): 1048576:1048576
2024/03/04 04:12:38 [notice] 1#1: start worker processes
2024/03/04 04:12:38 [notice] 1#1: start worker process 20
2024/03/04 04:12:38 [notice] 1#1: start worker process 21
2024/03/04 04:12:38 [notice] 1#1: start worker process 22
2024/03/04 04:12:38 [notice] 1#1: start worker process 23
2024/03/04 04:12:38 [notice] 1#1: start worker process 24
2024/03/04 04:12:38 [notice] 1#1: start worker process 25
2024/03/04 04:12:38 [notice] 1#1: start worker process 26
2024/03/04 04:12:38 [notice] 1#1: start worker process 27
2024/03/04 04:12:38 [notice] 1#1: start worker process 28
2024/03/04 04:12:38 [notice] 1#1: start worker process 29
2024/03/04 04:12:38 [notice] 1#1: start worker process 30
2024/03/04 04:12:38 [notice] 1#1: start worker process 31
2024/03/04 04:12:38 [notice] 1#1: start worker process 32
2024/03/04 04:12:38 [notice] 1#1: start worker process 33
2024/03/04 04:12:38 [notice] 1#1: start worker process 34
2024/03/04 04:12:38 [notice] 1#1: start worker process 35
